{"E:\\Belajar\\nodejs-unit-test-pzn\\src\\async.js": {"path":"E:\\Belajar\\nodejs-unit-test-pzn\\src\\async.js","statementMap":{"0":{"start":{"line":1,"column":29},"end":{"line":11,"column":1}},"1":{"start":{"line":2,"column":3},"end":{"line":10,"column":6}},"2":{"start":{"line":3,"column":6},"end":{"line":9,"column":15}},"3":{"start":{"line":4,"column":9},"end":{"line":8,"column":10}},"4":{"start":{"line":5,"column":12},"end":{"line":5,"column":37}},"5":{"start":{"line":7,"column":12},"end":{"line":7,"column":36}},"6":{"start":{"line":13,"column":26},"end":{"line":19,"column":1}},"7":{"start":{"line":14,"column":19},"end":{"line":14,"column":31}},"8":{"start":{"line":15,"column":3},"end":{"line":18,"column":5}}},"fnMap":{"0":{"name":"(anonymous_0)","decl":{"start":{"line":1,"column":29},"end":{"line":1,"column":30}},"loc":{"start":{"line":1,"column":39},"end":{"line":11,"column":1}},"line":1},"1":{"name":"(anonymous_1)","decl":{"start":{"line":2,"column":22},"end":{"line":2,"column":23}},"loc":{"start":{"line":2,"column":43},"end":{"line":10,"column":4}},"line":2},"2":{"name":"(anonymous_2)","decl":{"start":{"line":3,"column":17},"end":{"line":3,"column":18}},"loc":{"start":{"line":3,"column":23},"end":{"line":9,"column":7}},"line":3},"3":{"name":"(anonymous_3)","decl":{"start":{"line":13,"column":26},"end":{"line":13,"column":27}},"loc":{"start":{"line":13,"column":48},"end":{"line":19,"column":1}},"line":13}},"branchMap":{"0":{"loc":{"start":{"line":4,"column":9},"end":{"line":8,"column":10}},"type":"if","locations":[{"start":{"line":4,"column":9},"end":{"line":8,"column":10}},{"start":{"line":6,"column":16},"end":{"line":8,"column":10}}],"line":4}},"s":{"0":0,"1":0,"2":0,"3":0,"4":0,"5":0,"6":0,"7":0,"8":0},"f":{"0":0,"1":0,"2":0,"3":0},"b":{"0":[0,0]}}
,"E:\\Belajar\\nodejs-unit-test-pzn\\src\\database.js": {"path":"E:\\Belajar\\nodejs-unit-test-pzn\\src\\database.js","statementMap":{"0":{"start":{"line":1,"column":30},"end":{"line":4,"column":1}},"1":{"start":{"line":3,"column":3},"end":{"line":3,"column":38}},"2":{"start":{"line":6,"column":30},"end":{"line":9,"column":1}},"3":{"start":{"line":8,"column":3},"end":{"line":8,"column":38}}},"fnMap":{"0":{"name":"(anonymous_0)","decl":{"start":{"line":1,"column":30},"end":{"line":1,"column":31}},"loc":{"start":{"line":1,"column":38},"end":{"line":4,"column":1}},"line":1},"1":{"name":"(anonymous_1)","decl":{"start":{"line":6,"column":30},"end":{"line":6,"column":31}},"loc":{"start":{"line":6,"column":36},"end":{"line":9,"column":1}},"line":6}},"branchMap":{},"s":{"0":0,"1":0,"2":0,"3":0},"f":{"0":0,"1":0},"b":{}}
,"E:\\Belajar\\nodejs-unit-test-pzn\\src\\exception.js": {"path":"E:\\Belajar\\nodejs-unit-test-pzn\\src\\exception.js","statementMap":{"0":{"start":{"line":5,"column":22},"end":{"line":11,"column":1}},"1":{"start":{"line":6,"column":3},"end":{"line":10,"column":4}},"2":{"start":{"line":7,"column":6},"end":{"line":7,"column":56}},"3":{"start":{"line":9,"column":6},"end":{"line":9,"column":18}}},"fnMap":{"0":{"name":"(anonymous_0)","decl":{"start":{"line":5,"column":22},"end":{"line":5,"column":23}},"loc":{"start":{"line":5,"column":32},"end":{"line":11,"column":1}},"line":5}},"branchMap":{"0":{"loc":{"start":{"line":6,"column":3},"end":{"line":10,"column":4}},"type":"if","locations":[{"start":{"line":6,"column":3},"end":{"line":10,"column":4}},{"start":{"line":8,"column":10},"end":{"line":10,"column":4}}],"line":6}},"s":{"0":0,"1":0,"2":0,"3":0},"f":{"0":0},"b":{"0":[0,0]}}
,"E:\\Belajar\\nodejs-unit-test-pzn\\src\\product-service.js": {"path":"E:\\Belajar\\nodejs-unit-test-pzn\\src\\product-service.js","statementMap":{"0":{"start":{"line":6,"column":6},"end":{"line":6,"column":32}},"1":{"start":{"line":10,"column":6},"end":{"line":10,"column":30}}},"fnMap":{"0":{"name":"(anonymous_0)","decl":{"start":{"line":5,"column":3},"end":{"line":5,"column":4}},"loc":{"start":{"line":5,"column":23},"end":{"line":7,"column":4}},"line":5},"1":{"name":"(anonymous_1)","decl":{"start":{"line":9,"column":3},"end":{"line":9,"column":4}},"loc":{"start":{"line":9,"column":20},"end":{"line":11,"column":4}},"line":9}},"branchMap":{},"s":{"0":0,"1":0},"f":{"0":0,"1":0},"b":{}}
,"E:\\Belajar\\nodejs-unit-test-pzn\\src\\sayHello.js": {"path":"E:\\Belajar\\nodejs-unit-test-pzn\\src\\sayHello.js","statementMap":{"0":{"start":{"line":1,"column":24},"end":{"line":7,"column":1}},"1":{"start":{"line":2,"column":3},"end":{"line":6,"column":4}},"2":{"start":{"line":3,"column":6},"end":{"line":3,"column":29}},"3":{"start":{"line":5,"column":6},"end":{"line":5,"column":41}}},"fnMap":{"0":{"name":"(anonymous_0)","decl":{"start":{"line":1,"column":24},"end":{"line":1,"column":25}},"loc":{"start":{"line":1,"column":34},"end":{"line":7,"column":1}},"line":1}},"branchMap":{"0":{"loc":{"start":{"line":2,"column":3},"end":{"line":6,"column":4}},"type":"if","locations":[{"start":{"line":2,"column":3},"end":{"line":6,"column":4}},{"start":{"line":4,"column":10},"end":{"line":6,"column":4}}],"line":2}},"s":{"0":0,"1":0,"2":0,"3":0},"f":{"0":0},"b":{"0":[0,0]}}
,"E:\\Belajar\\nodejs-unit-test-pzn\\src\\sum.js": {"path":"E:\\Belajar\\nodejs-unit-test-pzn\\src\\sum.js","statementMap":{"0":{"start":{"line":1,"column":19},"end":{"line":3,"column":1}},"1":{"start":{"line":2,"column":3},"end":{"line":2,"column":24}},"2":{"start":{"line":5,"column":22},"end":{"line":11,"column":1}},"3":{"start":{"line":6,"column":15},"end":{"line":6,"column":16}},"4":{"start":{"line":7,"column":3},"end":{"line":9,"column":4}},"5":{"start":{"line":8,"column":6},"end":{"line":8,"column":22}},"6":{"start":{"line":10,"column":3},"end":{"line":10,"column":16}},"7":{"start":{"line":13,"column":25},"end":{"line":19,"column":1}},"8":{"start":{"line":14,"column":15},"end":{"line":14,"column":16}},"9":{"start":{"line":15,"column":3},"end":{"line":17,"column":4}},"10":{"start":{"line":16,"column":6},"end":{"line":16,"column":22}},"11":{"start":{"line":18,"column":3},"end":{"line":18,"column":19}},"12":{"start":{"line":21,"column":34},"end":{"line":27,"column":1}},"13":{"start":{"line":22,"column":15},"end":{"line":22,"column":16}},"14":{"start":{"line":23,"column":3},"end":{"line":25,"column":4}},"15":{"start":{"line":24,"column":6},"end":{"line":24,"column":22}},"16":{"start":{"line":26,"column":3},"end":{"line":26,"column":26}}},"fnMap":{"0":{"name":"(anonymous_0)","decl":{"start":{"line":1,"column":19},"end":{"line":1,"column":20}},"loc":{"start":{"line":1,"column":38},"end":{"line":3,"column":1}},"line":1},"1":{"name":"(anonymous_1)","decl":{"start":{"line":5,"column":22},"end":{"line":5,"column":23}},"loc":{"start":{"line":5,"column":35},"end":{"line":11,"column":1}},"line":5},"2":{"name":"(anonymous_2)","decl":{"start":{"line":13,"column":25},"end":{"line":13,"column":26}},"loc":{"start":{"line":13,"column":48},"end":{"line":19,"column":1}},"line":13},"3":{"name":"(anonymous_3)","decl":{"start":{"line":21,"column":34},"end":{"line":21,"column":35}},"loc":{"start":{"line":21,"column":57},"end":{"line":27,"column":1}},"line":21}},"branchMap":{},"s":{"0":0,"1":0,"2":0,"3":0,"4":0,"5":0,"6":0,"7":0,"8":0,"9":0,"10":0,"11":0,"12":0,"13":0,"14":0,"15":0,"16":0},"f":{"0":0,"1":0,"2":0,"3":0},"b":{}}
,"E:\\Belajar\\nodejs-unit-test-pzn\\src\\user-repository.js": {"path":"E:\\Belajar\\nodejs-unit-test-pzn\\src\\user-repository.js","statementMap":{"0":{"start":{"line":3,"column":6},"end":{"line":3,"column":41}},"1":{"start":{"line":6,"column":6},"end":{"line":6,"column":41}},"2":{"start":{"line":9,"column":6},"end":{"line":9,"column":41}}},"fnMap":{"0":{"name":"(anonymous_0)","decl":{"start":{"line":2,"column":3},"end":{"line":2,"column":4}},"loc":{"start":{"line":2,"column":14},"end":{"line":4,"column":4}},"line":2},"1":{"name":"(anonymous_1)","decl":{"start":{"line":5,"column":3},"end":{"line":5,"column":4}},"loc":{"start":{"line":5,"column":16},"end":{"line":7,"column":4}},"line":5},"2":{"name":"(anonymous_2)","decl":{"start":{"line":8,"column":3},"end":{"line":8,"column":4}},"loc":{"start":{"line":8,"column":13},"end":{"line":10,"column":4}},"line":8}},"branchMap":{},"s":{"0":0,"1":0,"2":1},"f":{"0":0,"1":0,"2":1},"b":{},"_coverageSchema":"1a1c01bbd47fc00a2c39e90264f33305004495a9","hash":"ae6aeb46a12ac75a57f7cbe260116d9cab0b1aba"}
,"E:\\Belajar\\nodejs-unit-test-pzn\\src\\user-service.js": {"path":"E:\\Belajar\\nodejs-unit-test-pzn\\src\\user-service.js","statementMap":{"0":{"start":{"line":6,"column":6},"end":{"line":10,"column":7}},"1":{"start":{"line":7,"column":9},"end":{"line":7,"column":46}},"2":{"start":{"line":9,"column":9},"end":{"line":9,"column":52}},"3":{"start":{"line":14,"column":6},"end":{"line":14,"column":37}},"4":{"start":{"line":18,"column":6},"end":{"line":18,"column":46}},"5":{"start":{"line":22,"column":6},"end":{"line":22,"column":43}}},"fnMap":{"0":{"name":"(anonymous_0)","decl":{"start":{"line":5,"column":3},"end":{"line":5,"column":4}},"loc":{"start":{"line":5,"column":31},"end":{"line":11,"column":4}},"line":5},"1":{"name":"(anonymous_1)","decl":{"start":{"line":13,"column":3},"end":{"line":13,"column":4}},"loc":{"start":{"line":13,"column":14},"end":{"line":15,"column":4}},"line":13},"2":{"name":"(anonymous_2)","decl":{"start":{"line":17,"column":3},"end":{"line":17,"column":4}},"loc":{"start":{"line":17,"column":16},"end":{"line":19,"column":4}},"line":17},"3":{"name":"(anonymous_3)","decl":{"start":{"line":21,"column":3},"end":{"line":21,"column":4}},"loc":{"start":{"line":21,"column":13},"end":{"line":23,"column":4}},"line":21}},"branchMap":{"0":{"loc":{"start":{"line":6,"column":6},"end":{"line":10,"column":7}},"type":"if","locations":[{"start":{"line":6,"column":6},"end":{"line":10,"column":7}},{"start":{"line":8,"column":13},"end":{"line":10,"column":7}}],"line":6}},"s":{"0":1,"1":1,"2":0,"3":0,"4":1,"5":1},"f":{"0":1,"1":0,"2":1,"3":1},"b":{"0":[1,0]},"_coverageSchema":"1a1c01bbd47fc00a2c39e90264f33305004495a9","hash":"7c9e7718b1c56d7f1291ebddff7057e93be317eb"}
}
